<?xml version="1.0" encoding="UTF-8"?>
<testsuite xmlns:xsi="http://www.w3.org/2001/XMLSchema-instance" xsi:noNamespaceSchemaLocation="https://maven.apache.org/surefire/maven-surefire-plugin/xsd/surefire-test-report.xsd" name="cl.kibernumacademy.TareaTest" time="0.191" tests="10" errors="0" skipped="1" failures="0">
  <properties>
    <property name="java.specification.version" value="17"/>
    <property name="sun.cpu.isalist" value="amd64"/>
    <property name="sun.jnu.encoding" value="Cp1252"/>
    <property name="java.class.path" value="C:\Users\Usuario\Documents\Curso testing\Modulo 3\clase 4\Modulo 3 - Actividad 4 - Rosmer - Caripa\actividad4\tasktracker\target\test-classes;C:\Users\Usuario\Documents\Curso testing\Modulo 3\clase 4\Modulo 3 - Actividad 4 - Rosmer - Caripa\actividad4\tasktracker\target\classes;C:\Users\Usuario\.m2\repository\org\junit\jupiter\junit-jupiter\5.9.3\junit-jupiter-5.9.3.jar;C:\Users\Usuario\.m2\repository\org\junit\jupiter\junit-jupiter-api\5.9.3\junit-jupiter-api-5.9.3.jar;C:\Users\Usuario\.m2\repository\org\opentest4j\opentest4j\1.2.0\opentest4j-1.2.0.jar;C:\Users\Usuario\.m2\repository\org\junit\platform\junit-platform-commons\1.9.3\junit-platform-commons-1.9.3.jar;C:\Users\Usuario\.m2\repository\org\apiguardian\apiguardian-api\1.1.2\apiguardian-api-1.1.2.jar;C:\Users\Usuario\.m2\repository\org\junit\jupiter\junit-jupiter-params\5.9.3\junit-jupiter-params-5.9.3.jar;C:\Users\Usuario\.m2\repository\org\junit\jupiter\junit-jupiter-engine\5.9.3\junit-jupiter-engine-5.9.3.jar;C:\Users\Usuario\.m2\repository\org\junit\platform\junit-platform-engine\1.9.3\junit-platform-engine-1.9.3.jar;C:\Users\Usuario\.m2\repository\org\hamcrest\hamcrest\2.2\hamcrest-2.2.jar;"/>
    <property name="java.vm.vendor" value="Amazon.com Inc."/>
    <property name="sun.arch.data.model" value="64"/>
    <property name="user.variant" value=""/>
    <property name="java.vendor.url" value="https://aws.amazon.com/corretto/"/>
    <property name="user.timezone" value="America/Santiago"/>
    <property name="os.name" value="Windows 10"/>
    <property name="java.vm.specification.version" value="17"/>
    <property name="sun.java.launcher" value="SUN_STANDARD"/>
    <property name="user.country" value="419"/>
    <property name="sun.boot.library.path" value="C:\Program Files\Amazon Corretto\jdk17.0.15_6\bin"/>
    <property name="sun.java.command" value="C:\Users\Usuario\AppData\Local\Temp\surefire10439469771384182858\surefirebooter11498336143142230138.jar C:\Users\Usuario\AppData\Local\Temp\surefire10439469771384182858 2025-07-21T17-08-24_858-jvmRun1 surefire15723171852282141136tmp surefire_05036785621461974076tmp"/>
    <property name="jdk.debug" value="release"/>
    <property name="surefire.test.class.path" value="C:\Users\Usuario\Documents\Curso testing\Modulo 3\clase 4\Modulo 3 - Actividad 4 - Rosmer - Caripa\actividad4\tasktracker\target\test-classes;C:\Users\Usuario\Documents\Curso testing\Modulo 3\clase 4\Modulo 3 - Actividad 4 - Rosmer - Caripa\actividad4\tasktracker\target\classes;C:\Users\Usuario\.m2\repository\org\junit\jupiter\junit-jupiter\5.9.3\junit-jupiter-5.9.3.jar;C:\Users\Usuario\.m2\repository\org\junit\jupiter\junit-jupiter-api\5.9.3\junit-jupiter-api-5.9.3.jar;C:\Users\Usuario\.m2\repository\org\opentest4j\opentest4j\1.2.0\opentest4j-1.2.0.jar;C:\Users\Usuario\.m2\repository\org\junit\platform\junit-platform-commons\1.9.3\junit-platform-commons-1.9.3.jar;C:\Users\Usuario\.m2\repository\org\apiguardian\apiguardian-api\1.1.2\apiguardian-api-1.1.2.jar;C:\Users\Usuario\.m2\repository\org\junit\jupiter\junit-jupiter-params\5.9.3\junit-jupiter-params-5.9.3.jar;C:\Users\Usuario\.m2\repository\org\junit\jupiter\junit-jupiter-engine\5.9.3\junit-jupiter-engine-5.9.3.jar;C:\Users\Usuario\.m2\repository\org\junit\platform\junit-platform-engine\1.9.3\junit-platform-engine-1.9.3.jar;C:\Users\Usuario\.m2\repository\org\hamcrest\hamcrest\2.2\hamcrest-2.2.jar;"/>
    <property name="sun.cpu.endian" value="little"/>
    <property name="user.home" value="C:\Users\Usuario"/>
    <property name="user.language" value="es"/>
    <property name="java.specification.vendor" value="Oracle Corporation"/>
    <property name="java.version.date" value="2025-04-15"/>
    <property name="java.home" value="C:\Program Files\Amazon Corretto\jdk17.0.15_6"/>
    <property name="file.separator" value="\"/>
    <property name="basedir" value="C:\Users\Usuario\Documents\Curso testing\Modulo 3\clase 4\Modulo 3 - Actividad 4 - Rosmer - Caripa\actividad4\tasktracker"/>
    <property name="java.vm.compressedOopsMode" value="Zero based"/>
    <property name="line.separator" value="&#10;"/>
    <property name="java.vm.specification.vendor" value="Oracle Corporation"/>
    <property name="java.specification.name" value="Java Platform API Specification"/>
    <property name="surefire.real.class.path" value="C:\Users\Usuario\AppData\Local\Temp\surefire10439469771384182858\surefirebooter11498336143142230138.jar"/>
    <property name="user.script" value=""/>
    <property name="sun.management.compiler" value="HotSpot 64-Bit Tiered Compilers"/>
    <property name="java.runtime.version" value="17.0.15+6-LTS"/>
    <property name="user.name" value="Usuario"/>
    <property name="path.separator" value=";"/>
    <property name="os.version" value="10.0"/>
    <property name="java.runtime.name" value="OpenJDK Runtime Environment"/>
    <property name="file.encoding" value="Cp1252"/>
    <property name="java.vm.name" value="OpenJDK 64-Bit Server VM"/>
    <property name="java.vendor.version" value="Corretto-17.0.15.6.1"/>
    <property name="localRepository" value="C:\Users\Usuario\.m2\repository"/>
    <property name="java.vendor.url.bug" value="https://github.com/corretto/corretto-17/issues/"/>
    <property name="java.io.tmpdir" value="C:\Users\Usuario\AppData\Local\Temp\"/>
    <property name="java.version" value="17.0.15"/>
    <property name="user.dir" value="C:\Users\Usuario\Documents\Curso testing\Modulo 3\clase 4\Modulo 3 - Actividad 4 - Rosmer - Caripa\actividad4\tasktracker"/>
    <property name="os.arch" value="amd64"/>
    <property name="java.vm.specification.name" value="Java Virtual Machine Specification"/>
    <property name="sun.os.patch.level" value=""/>
    <property name="native.encoding" value="Cp1252"/>
    <property name="java.library.path" value="C:\Program Files\Amazon Corretto\jdk17.0.15_6\bin;C:\WINDOWS\Sun\Java\bin;C:\WINDOWS\system32;C:\WINDOWS;C:\Program Files\Amazon Corretto\jdk17.0.15_6\bin;C:\Program Files\Common Files\Siemens\Automation\Simatic OAM\bin;C:\WINDOWS\system32;C:\WINDOWS;C:\WINDOWS\System32\Wbem;C:\WINDOWS\System32\WindowsPowerShell\v1.0\;C:\WINDOWS\System32\OpenSSH\;C:\PROGRA~2\PICC;C;C:\Users\Usuario\AppData\Local\Programs\Python\Python38-32\python.exe;C:\Python-2.7;E:\programs\Git\cmd;E:\programs\flutter\flutter\bin;C:\Program Files\Microsoft SQL Server\Client SDK\ODBC\130\Tools\Binn\;C:\Program Files (x86)\Microsoft SQL Server\130\Tools\Binn\;C:\Program Files\Microsoft SQL Server\130\Tools\Binn\;C:\Program Files\Microsoft SQL Server\130\DTS\Binn\;C:\Program Files (x86)\Common Files\Siemens\;C:\Program Files (x86)\Common Files\Siemens\Interfaces;C:\Program Files (x86)\Common Files\Siemens\ACE\Interfaces;C:\Program Files\dotnet\;C:\Program Files\Git\cmd;C:\Users\Usuario\AppData\Local\Microsoft\WindowsApps;C:\src\flutter\bin;C:\Users\Usuario\AppData\Local\Programs\Microsoft VS Code\bin;C:\Program Files\Amazon Corretto\jdk17.0.15_6\bin;C:\Program Files\apache-maven-3.9.10-bin\apache-maven-3.9.10\bin;;c:\Users\Usuario\AppData\Roaming\Code\User\globalStorage\github.copilot-chat\debugCommand;."/>
    <property name="java.vm.info" value="mixed mode, sharing"/>
    <property name="java.vendor" value="Amazon.com Inc."/>
    <property name="java.vm.version" value="17.0.15+6-LTS"/>
    <property name="java.specification.maintenance.version" value="1"/>
    <property name="sun.io.unicode.encoding" value="UnicodeLittle"/>
    <property name="java.class.version" value="61.0"/>
  </properties>
  <testcase name="mostrarTodasLasTareasQueSeanFalse" classname="cl.kibernumacademy.TareaTest" time="0.049"/>
  <testcase name="comprobarQueExistaLaTareaAntesDeModificar" classname="cl.kibernumacademy.TareaTest" time="0.002"/>
  <testcase name="tareaAlSerAgregadaTieneElTituloCorrecto" classname="cl.kibernumacademy.TareaTest" time="0.011"/>
  <testcase name="agregarUnTareaPredeterminada" classname="cl.kibernumacademy.TareaTest" time="0.003"/>
  <testcase name="marcarTareaSoloSiHayTareasCargadas" classname="cl.kibernumacademy.TareaTest" time="0">
    <skipped message="Assumption failed: No hay tareas, se omite el test" type="org.opentest4j.TestAbortedException">org.opentest4j.TestAbortedException: Assumption failed: No hay tareas, se omite el test
	at cl.kibernumacademy.TareaTest.marcarTareaSoloSiHayTareasCargadas(TareaTest.java:118)
</skipped>
    <system-out><![CDATA[Test #5 completado con éxito.

Finalizó el test: marcarTareaSoloSiHayTareasCargadas()
]]></system-out>
  </testcase>
  <testcase name="tareasConTitulosDebenGuardarseCorrectamente{String}[1]" classname="cl.kibernumacademy.TareaTest" time="0.031"/>
  <testcase name="tareasConTitulosDebenGuardarseCorrectamente{String}[2]" classname="cl.kibernumacademy.TareaTest" time="0.002"/>
  <testcase name="tareasConTitulosDebenGuardarseCorrectamente{String}[3]" classname="cl.kibernumacademy.TareaTest" time="0.002"/>
  <testcase name="tareaComoCompletada" classname="cl.kibernumacademy.TareaTest" time="0.001"/>
  <testcase name="marcarTareaSoloSiExisteEnElSistema" classname="cl.kibernumacademy.TareaTest" time="0.003"/>
</testsuite>